<?xml version="1.0" encoding="UTF-8"?>
<robot generator="Robot 6.1.1 (Python 3.11.5 on win32)" generated="20230830 22:09:41.802" rpa="false" schemaversion="4">
<suite id="s1" name="TC TextBox" source="c:\Users\khatp\OneDrive\Documents\github_priyanka\Robot_framework\Test_Cases\TC_TextBox.robot">
<test id="s1-t1" name="Fill and Submit Form textbox Form" line="11">
<kw name="Launch Browser" library="Generic">
<arg>${URL}</arg>
<arg>${Browser}</arg>
<doc>Open the browser to the given URL</doc>
<kw name="Open Browser" library="SeleniumLibrary">
<arg>${url}</arg>
<arg>${browser}</arg>
<doc>Opens a new browser instance to the optional ``url``.</doc>
<msg timestamp="20230830 22:09:42.071" level="INFO">Opening browser 'chrome' to base url 'https://demoqa.com/text-box'.</msg>
<status status="PASS" starttime="20230830 22:09:42.071" endtime="20230830 22:09:46.020"/>
</kw>
<kw name="Maximize Browser Window" library="SeleniumLibrary">
<doc>Maximizes current browser window.</doc>
<status status="PASS" starttime="20230830 22:09:46.020" endtime="20230830 22:09:46.160"/>
</kw>
<kw name="Get Title" library="SeleniumLibrary">
<var>${Pgtitle}</var>
<doc>Returns the title of the current page.</doc>
<msg timestamp="20230830 22:09:46.169" level="INFO">${Pgtitle} = DEMOQA</msg>
<status status="PASS" starttime="20230830 22:09:46.161" endtime="20230830 22:09:46.170"/>
</kw>
<kw name="Log" library="BuiltIn">
<arg>{Pgtitle}</arg>
<doc>Logs the given message with the given level.</doc>
<msg timestamp="20230830 22:09:46.170" level="INFO">{Pgtitle}</msg>
<status status="PASS" starttime="20230830 22:09:46.170" endtime="20230830 22:09:46.170"/>
</kw>
<status status="PASS" starttime="20230830 22:09:42.070" endtime="20230830 22:09:46.170"/>
</kw>
<kw name="Enter text in userName" library="PO_TextBox">
<arg>John Doe</arg>
<kw name="Input Text" library="SeleniumLibrary">
<arg>${userName}</arg>
<arg>${value}</arg>
<doc>Types the given ``text`` into the text field identified by ``locator``.</doc>
<msg timestamp="20230830 22:09:46.172" level="INFO">Typing text 'John Doe' into text field 'id=userName'.</msg>
<status status="PASS" starttime="20230830 22:09:46.171" endtime="20230830 22:09:46.388"/>
</kw>
<status status="PASS" starttime="20230830 22:09:46.171" endtime="20230830 22:09:46.389"/>
</kw>
<kw name="Enter text in userEmail" library="PO_TextBox">
<arg>john.doe@example.com</arg>
<kw name="Input Text" library="SeleniumLibrary">
<arg>${userEmail}</arg>
<arg>${value}</arg>
<doc>Types the given ``text`` into the text field identified by ``locator``.</doc>
<msg timestamp="20230830 22:09:46.391" level="INFO">Typing text 'john.doe@example.com' into text field 'id=userEmail'.</msg>
<status status="PASS" starttime="20230830 22:09:46.390" endtime="20230830 22:09:46.521"/>
</kw>
<status status="PASS" starttime="20230830 22:09:46.389" endtime="20230830 22:09:46.522"/>
</kw>
<kw name="Enter text in currentAddress" library="PO_TextBox">
<arg>123 Main St</arg>
<kw name="Input Text" library="SeleniumLibrary">
<arg>${currentAddress}</arg>
<arg>${value}</arg>
<doc>Types the given ``text`` into the text field identified by ``locator``.</doc>
<msg timestamp="20230830 22:09:46.523" level="INFO">Typing text '123 Main St' into text field 'id=currentAddress'.</msg>
<status status="PASS" starttime="20230830 22:09:46.523" endtime="20230830 22:09:46.617"/>
</kw>
<status status="PASS" starttime="20230830 22:09:46.522" endtime="20230830 22:09:46.617"/>
</kw>
<kw name="Enter text in permanantAddress" library="PO_TextBox">
<arg>456 Elm Ave</arg>
<kw name="Input Text" library="SeleniumLibrary">
<arg>${permanantAddress}</arg>
<arg>${value}</arg>
<doc>Types the given ``text`` into the text field identified by ``locator``.</doc>
<msg timestamp="20230830 22:09:46.619" level="INFO">Typing text '456 Elm Ave' into text field 'id=permanentAddress'.</msg>
<status status="PASS" starttime="20230830 22:09:46.618" endtime="20230830 22:09:46.700"/>
</kw>
<status status="PASS" starttime="20230830 22:09:46.617" endtime="20230830 22:09:46.700"/>
</kw>
<kw name="Click on submit button on Textbox page" library="PO_TextBox">
<kw name="Click Element" library="SeleniumLibrary">
<arg>${submitButton}</arg>
<doc>Click the element identified by ``locator``.</doc>
<msg timestamp="20230830 22:09:46.701" level="INFO">Clicking element 'id=submit'.</msg>
<status status="PASS" starttime="20230830 22:09:46.701" endtime="20230830 22:09:46.748"/>
</kw>
<status status="PASS" starttime="20230830 22:09:46.700" endtime="20230830 22:09:46.748"/>
</kw>
<tag>TextBox</tag>
<status status="PASS" starttime="20230830 22:09:42.069" endtime="20230830 22:09:46.748"/>
</test>
<status status="PASS" starttime="20230830 22:09:41.807" endtime="20230830 22:09:46.750"/>
</suite>
<statistics>
<total>
<stat pass="1" fail="0" skip="0">All Tests</stat>
</total>
<tag>
<stat pass="1" fail="0" skip="0">TextBox</stat>
</tag>
<suite>
<stat pass="1" fail="0" skip="0" id="s1" name="TC TextBox">TC TextBox</stat>
</suite>
</statistics>
<errors>
</errors>
</robot>
